{"C:\\Users\\Nico\\OneDrive\\Bureau\\formation_dev_back_end\\semaine_7\\jour_4\\project_nike\\src\\core\\entities\\Product.ts": {"path":"C:\\Users\\Nico\\OneDrive\\Bureau\\formation_dev_back_end\\semaine_7\\jour_4\\project_nike\\src\\core\\entities\\Product.ts","statementMap":{"0":{"start":{"line":5,"column":0},"end":{"line":5,"column":29}},"1":{"start":{"line":23,"column":8},"end":{"line":23,"column":37}},"2":{"start":{"line":32,"column":8},"end":{"line":39,"column":null}},"3":{"start":{"line":19,"column":0},"end":{"line":19,"column":13}}},"fnMap":{"0":{"name":"(anonymous_0)","decl":{"start":{"line":22,"column":4},"end":{"line":22,"column":16}},"loc":{"start":{"line":22,"column":45},"end":{"line":24,"column":5}}},"1":{"name":"(anonymous_1)","decl":{"start":{"line":25,"column":4},"end":{"line":25,"column":10}},"loc":{"start":{"line":31,"column":5},"end":{"line":40,"column":5}}}},"branchMap":{},"s":{"0":1,"1":1,"2":1,"3":1},"f":{"0":1,"1":1},"b":{}}
,"C:\\Users\\Nico\\OneDrive\\Bureau\\formation_dev_back_end\\semaine_7\\jour_4\\project_nike\\src\\core\\resources\\CountryListAlpha2Repository.ts": {"path":"C:\\Users\\Nico\\OneDrive\\Bureau\\formation_dev_back_end\\semaine_7\\jour_4\\project_nike\\src\\core\\resources\\CountryListAlpha2Repository.ts","statementMap":{"0":{"start":{"line":1,"column":13},"end":{"line":248,"column":null}}},"fnMap":{},"branchMap":{},"s":{"0":1},"f":{},"b":{}}
,"C:\\Users\\Nico\\OneDrive\\Bureau\\formation_dev_back_end\\semaine_7\\jour_4\\project_nike\\src\\core\\resources\\CurrencyListRepository.ts": {"path":"C:\\Users\\Nico\\OneDrive\\Bureau\\formation_dev_back_end\\semaine_7\\jour_4\\project_nike\\src\\core\\resources\\CurrencyListRepository.ts","statementMap":{"0":{"start":{"line":1,"column":13},"end":{"line":170,"column":2}}},"fnMap":{},"branchMap":{},"s":{"0":1},"f":{},"b":{}}
,"C:\\Users\\Nico\\OneDrive\\Bureau\\formation_dev_back_end\\semaine_7\\jour_4\\project_nike\\src\\core\\resources\\InMemoryProductRepository.ts": {"path":"C:\\Users\\Nico\\OneDrive\\Bureau\\formation_dev_back_end\\semaine_7\\jour_4\\project_nike\\src\\core\\resources\\InMemoryProductRepository.ts","statementMap":{"0":{"start":{"line":5,"column":4},"end":{"line":5,"column":32}},"1":{"start":{"line":7,"column":24},"end":{"line":9,"column":10}},"2":{"start":{"line":8,"column":12},"end":{"line":8,"column":54}},"3":{"start":{"line":10,"column":8},"end":{"line":12,"column":null}},"4":{"start":{"line":11,"column":12},"end":{"line":11,"column":49}},"5":{"start":{"line":13,"column":8},"end":{"line":13,"column":23}},"6":{"start":{"line":17,"column":8},"end":{"line":19,"column":null}},"7":{"start":{"line":18,"column":12},"end":{"line":18,"column":51}},"8":{"start":{"line":20,"column":8},"end":{"line":20,"column":39}},"9":{"start":{"line":21,"column":8},"end":{"line":21,"column":23}},"10":{"start":{"line":4,"column":0},"end":{"line":4,"column":13}}},"fnMap":{"0":{"name":"(anonymous_7)","decl":{"start":{"line":4,"column":0},"end":{"line":4,"column":13}},"loc":{"start":{"line":4,"column":0},"end":{"line":24,"column":1}}},"1":{"name":"(anonymous_8)","decl":{"start":{"line":6,"column":10},"end":{"line":6,"column":17}},"loc":{"start":{"line":6,"column":35},"end":{"line":15,"column":null}}},"2":{"name":"(anonymous_10)","decl":{"start":{"line":7,"column":46},"end":{"line":7,"column":53}},"loc":{"start":{"line":7,"column":55},"end":{"line":9,"column":9}}},"3":{"name":"(anonymous_11)","decl":{"start":{"line":16,"column":10},"end":{"line":16,"column":21}},"loc":{"start":{"line":16,"column":38},"end":{"line":22,"column":null}}}},"branchMap":{"0":{"loc":{"start":{"line":10,"column":8},"end":{"line":12,"column":null}},"type":"if","locations":[{"start":{"line":10,"column":8},"end":{"line":12,"column":null}}]},"1":{"loc":{"start":{"line":17,"column":8},"end":{"line":19,"column":null}},"type":"if","locations":[{"start":{"line":17,"column":8},"end":{"line":19,"column":null}}]}},"s":{"0":1,"1":0,"2":0,"3":0,"4":0,"5":0,"6":0,"7":0,"8":0,"9":0,"10":1},"f":{"0":1,"1":0,"2":0,"3":0},"b":{"0":[0],"1":[0]}}
,"C:\\Users\\Nico\\OneDrive\\Bureau\\formation_dev_back_end\\semaine_7\\jour_4\\project_nike\\src\\core\\type\\EnumCategory.ts": {"path":"C:\\Users\\Nico\\OneDrive\\Bureau\\formation_dev_back_end\\semaine_7\\jour_4\\project_nike\\src\\core\\type\\EnumCategory.ts","statementMap":{"0":{"start":{"line":1,"column":0},"end":{"line":1,"column":null}},"1":{"start":{"line":2,"column":4},"end":{"line":2,"column":null}},"2":{"start":{"line":3,"column":4},"end":{"line":3,"column":null}},"3":{"start":{"line":4,"column":4},"end":{"line":4,"column":null}},"4":{"start":{"line":5,"column":4},"end":{"line":5,"column":null}}},"fnMap":{"0":{"name":"(anonymous_0)","decl":{"start":{"line":1,"column":0},"end":{"line":1,"column":12}},"loc":{"start":{"line":1,"column":20},"end":{"line":6,"column":1}}}},"branchMap":{"0":{"loc":{"start":{"line":1,"column":12},"end":{"line":1,"column":null}},"type":"binary-expr","locations":[{"start":{"line":1,"column":12},"end":{"line":1,"column":20}},{"start":{"line":1,"column":12},"end":{"line":1,"column":null}}]}},"s":{"0":1,"1":1,"2":1,"3":1,"4":1},"f":{"0":1},"b":{"0":[1,1]}}
,"C:\\Users\\Nico\\OneDrive\\Bureau\\formation_dev_back_end\\semaine_7\\jour_4\\project_nike\\src\\core\\type\\EnumGender.ts": {"path":"C:\\Users\\Nico\\OneDrive\\Bureau\\formation_dev_back_end\\semaine_7\\jour_4\\project_nike\\src\\core\\type\\EnumGender.ts","statementMap":{"0":{"start":{"line":1,"column":0},"end":{"line":1,"column":null}},"1":{"start":{"line":2,"column":4},"end":{"line":2,"column":null}},"2":{"start":{"line":3,"column":4},"end":{"line":3,"column":null}}},"fnMap":{"0":{"name":"(anonymous_0)","decl":{"start":{"line":1,"column":0},"end":{"line":1,"column":12}},"loc":{"start":{"line":1,"column":18},"end":{"line":4,"column":1}}}},"branchMap":{"0":{"loc":{"start":{"line":1,"column":12},"end":{"line":1,"column":null}},"type":"binary-expr","locations":[{"start":{"line":1,"column":12},"end":{"line":1,"column":18}},{"start":{"line":1,"column":12},"end":{"line":1,"column":null}}]}},"s":{"0":1,"1":1,"2":1},"f":{"0":1},"b":{"0":[1,1]}}
,"C:\\Users\\Nico\\OneDrive\\Bureau\\formation_dev_back_end\\semaine_7\\jour_4\\project_nike\\src\\core\\usecase\\CreateProduct.ts": {"path":"C:\\Users\\Nico\\OneDrive\\Bureau\\formation_dev_back_end\\semaine_7\\jour_4\\project_nike\\src\\core\\usecase\\CreateProduct.ts","statementMap":{"0":{"start":{"line":3,"column":0},"end":{"line":3,"column":62}},"1":{"start":{"line":4,"column":0},"end":{"line":4,"column":64}},"2":{"start":{"line":11,"column":8},"end":{"line":11,"column":51}},"3":{"start":{"line":14,"column":8},"end":{"line":16,"column":null}},"4":{"start":{"line":15,"column":12},"end":{"line":15,"column":48}},"5":{"start":{"line":17,"column":8},"end":{"line":19,"column":null}},"6":{"start":{"line":18,"column":12},"end":{"line":18,"column":55}},"7":{"start":{"line":20,"column":8},"end":{"line":22,"column":null}},"8":{"start":{"line":21,"column":12},"end":{"line":21,"column":56}},"9":{"start":{"line":23,"column":8},"end":{"line":23,"column":52}},"10":{"start":{"line":24,"column":8},"end":{"line":24,"column":23}},"11":{"start":{"line":7,"column":0},"end":{"line":7,"column":13}}},"fnMap":{"0":{"name":"(anonymous_0)","decl":{"start":{"line":10,"column":4},"end":{"line":10,"column":16}},"loc":{"start":{"line":10,"column":52},"end":{"line":12,"column":5}}},"1":{"name":"(anonymous_1)","decl":{"start":{"line":13,"column":4},"end":{"line":13,"column":11}},"loc":{"start":{"line":13,"column":29},"end":{"line":26,"column":5}}}},"branchMap":{"0":{"loc":{"start":{"line":14,"column":8},"end":{"line":16,"column":null}},"type":"if","locations":[{"start":{"line":14,"column":8},"end":{"line":16,"column":null}}]},"1":{"loc":{"start":{"line":17,"column":8},"end":{"line":19,"column":null}},"type":"if","locations":[{"start":{"line":17,"column":8},"end":{"line":19,"column":null}}]},"2":{"loc":{"start":{"line":20,"column":8},"end":{"line":22,"column":null}},"type":"if","locations":[{"start":{"line":20,"column":8},"end":{"line":22,"column":null}}]}},"s":{"0":1,"1":1,"2":1,"3":1,"4":1,"5":0,"6":0,"7":0,"8":0,"9":0,"10":0,"11":1},"f":{"0":1,"1":1},"b":{"0":[1],"1":[0],"2":[0]}}
,"C:\\Users\\Nico\\OneDrive\\Bureau\\formation_dev_back_end\\semaine_7\\jour_4\\project_nike\\src\\core\\usecase\\VerifyProductCountry.ts": {"path":"C:\\Users\\Nico\\OneDrive\\Bureau\\formation_dev_back_end\\semaine_7\\jour_4\\project_nike\\src\\core\\usecase\\VerifyProductCountry.ts","statementMap":{"0":{"start":{"line":1,"column":0},"end":{"line":1,"column":87}},"1":{"start":{"line":5,"column":23},"end":{"line":7,"column":10}},"2":{"start":{"line":6,"column":12},"end":{"line":6,"column":41}},"3":{"start":{"line":8,"column":8},"end":{"line":10,"column":null}},"4":{"start":{"line":9,"column":12},"end":{"line":9,"column":60}},"5":{"start":{"line":11,"column":8},"end":{"line":11,"column":22}},"6":{"start":{"line":3,"column":0},"end":{"line":3,"column":13}}},"fnMap":{"0":{"name":"(anonymous_0)","decl":{"start":{"line":4,"column":4},"end":{"line":4,"column":10}},"loc":{"start":{"line":4,"column":34},"end":{"line":14,"column":5}}},"1":{"name":"(anonymous_1)","decl":{"start":{"line":5,"column":56},"end":{"line":5,"column":65}},"loc":{"start":{"line":5,"column":68},"end":{"line":7,"column":9}}}},"branchMap":{"0":{"loc":{"start":{"line":8,"column":8},"end":{"line":10,"column":null}},"type":"if","locations":[{"start":{"line":8,"column":8},"end":{"line":10,"column":null}}]}},"s":{"0":1,"1":0,"2":0,"3":0,"4":0,"5":0,"6":1},"f":{"0":0,"1":0},"b":{"0":[0]}}
,"C:\\Users\\Nico\\OneDrive\\Bureau\\formation_dev_back_end\\semaine_7\\jour_4\\project_nike\\src\\core\\usecase\\VerifyProductCurrency.ts": {"path":"C:\\Users\\Nico\\OneDrive\\Bureau\\formation_dev_back_end\\semaine_7\\jour_4\\project_nike\\src\\core\\usecase\\VerifyProductCurrency.ts","statementMap":{"0":{"start":{"line":1,"column":0},"end":{"line":1,"column":67}},"1":{"start":{"line":5,"column":23},"end":{"line":7,"column":10}},"2":{"start":{"line":6,"column":12},"end":{"line":6,"column":null}},"3":{"start":{"line":8,"column":8},"end":{"line":10,"column":null}},"4":{"start":{"line":9,"column":12},"end":{"line":9,"column":56}},"5":{"start":{"line":11,"column":8},"end":{"line":11,"column":22}},"6":{"start":{"line":3,"column":0},"end":{"line":3,"column":13}}},"fnMap":{"0":{"name":"(anonymous_0)","decl":{"start":{"line":4,"column":4},"end":{"line":4,"column":10}},"loc":{"start":{"line":4,"column":39},"end":{"line":12,"column":5}}},"1":{"name":"(anonymous_1)","decl":{"start":{"line":5,"column":41},"end":{"line":5,"column":49}},"loc":{"start":{"line":5,"column":52},"end":{"line":7,"column":9}}}},"branchMap":{"0":{"loc":{"start":{"line":8,"column":8},"end":{"line":10,"column":null}},"type":"if","locations":[{"start":{"line":8,"column":8},"end":{"line":10,"column":null}}]}},"s":{"0":1,"1":0,"2":0,"3":0,"4":0,"5":0,"6":1},"f":{"0":0,"1":0},"b":{"0":[0]}}
}
